WordFind6300/app/build/intermediates/manifest_merge_blame_file/debug/manifest-merger-blame-debug-report.txt
1<?xml version="1.0" encoding="utf-8"?>
2<manifest xmlns:android="http://schemas.android.com/apk/res/android"
3    package="edu.gatech.seclass.wordfind6300"
4    android:versionCode="1"
5    android:versionName="1.0" >
6
7    <uses-sdk
8        android:minSdkVersion="23"
8-->src/main/AndroidManifest.xml
9        android:targetSdkVersion="29" />
9-->src/main/AndroidManifest.xml
10
11    <application
11-->src/main/AndroidManifest.xml:6:5-26:19
12        android:allowBackup="true"
12-->src/main/AndroidManifest.xml:7:9-35
13        android:appComponentFactory="androidx.core.app.CoreComponentFactory"
13-->[androidx.core:core:1.0.1] AndroidManifest.xml:22:18-86
14        android:debuggable="true"
15        android:extractNativeLibs="false"
16        android:icon="@mipmap/ic_launcher"
16-->src/main/AndroidManifest.xml:8:9-43
17        android:label="@string/app_name"
17-->src/main/AndroidManifest.xml:9:9-41
18        android:roundIcon="@mipmap/ic_launcher_round"
18-->src/main/AndroidManifest.xml:10:9-54
19        android:supportsRtl="true"
19-->src/main/AndroidManifest.xml:11:9-35
20        android:testOnly="true"
21        android:theme="@style/AppTheme" >
21-->src/main/AndroidManifest.xml:12:9-40
22        <activity android:name="edu.gatech.seclass.wordfind6300.ViewStatisticsActivity" />
22-->src/main/AndroidManifest.xml:13:9-59
22-->src/main/AndroidManifest.xml:13:19-57
23        <activity android:name="edu.gatech.seclass.wordfind6300.ChangeSettingsActivity" />
23-->src/main/AndroidManifest.xml:14:9-60
23-->src/main/AndroidManifest.xml:14:19-57
24        <activity android:name="edu.gatech.seclass.wordfind6300.PlayGameActivity" />
24-->src/main/AndroidManifest.xml:15:9-53
24-->src/main/AndroidManifest.xml:15:19-51
25        <activity android:name="edu.gatech.seclass.wordfind6300.MainActivity" >
25-->src/main/AndroidManifest.xml:16:9-22:20
25-->src/main/AndroidManifest.xml:16:19-47
26            <intent-filter>
26-->src/main/AndroidManifest.xml:17:13-21:29
27                <action android:name="android.intent.action.MAIN" />
27-->src/main/AndroidManifest.xml:18:17-69
27-->src/main/AndroidManifest.xml:18:25-66
28
29                <category android:name="android.intent.category.LAUNCHER" />
29-->src/main/AndroidManifest.xml:20:17-77
29-->src/main/AndroidManifest.xml:20:27-74
30            </intent-filter>
31        </activity>
32        <activity android:name="edu.gatech.seclass.wordfind6300.PlayGame" >
32-->src/main/AndroidManifest.xml:23:9-24:20
32-->src/main/AndroidManifest.xml:23:19-43
33        </activity>
34    </application>
35
36</manifest>